-------------------------------------------------------------------------------
Test set: org.BuzzToOffice.learningspring.LearningSpringApplicationTests
-------------------------------------------------------------------------------
Tests run: 1, Failures: 0, Errors: 1, Skipped: 0, Time elapsed: 2.56 s <<< FAILURE! - in org.BuzzToOffice.learningspring.LearningSpringApplicationTests
contextLoads  Time elapsed: 0.011 s  <<< ERROR!
java.lang.IllegalStateException: Failed to load ApplicationContext for [WebMergedContextConfiguration@4ed5eb72 testClass = LearningSpringApplicationTests, locations = '{}', classes = '{class org.BuzzToOffice.learningspring.LearningSpringApplication}', contextInitializerClasses = '[]', activeProfiles = '{}', propertySourceLocations = '{}', propertySourceProperties = '{org.springframework.boot.test.context.SpringBootTestContextBootstrapper=true}', contextCustomizers = set[org.springframework.boot.test.context.filter.ExcludeFilterContextCustomizer@61001b64, org.springframework.boot.test.json.DuplicateJsonObjectContextCustomizerFactory$DuplicateJsonObjectContextCustomizer@4b8ee4de, org.springframework.boot.test.mock.mockito.MockitoContextCustomizer@0, org.springframework.boot.test.web.client.TestRestTemplateContextCustomizer@73e9cf30, org.springframework.boot.test.autoconfigure.actuate.observability.ObservabilityContextCustomizerFactory$DisableObservabilityContextCustomizer@9da1, org.springframework.boot.test.autoconfigure.properties.PropertyMappingContextCustomizer@0, org.springframework.boot.test.autoconfigure.web.servlet.WebDriverContextCustomizerFactory$Customizer@13e344d, org.springframework.boot.test.context.SpringBootTestAnnotation@f0124332], resourceBasePath = 'src/main/webapp', contextLoader = 'org.springframework.boot.test.context.SpringBootContextLoader', parent = [null]]
Caused by: org.springframework.beans.factory.UnsatisfiedDependencyException: Error creating bean with name 'appStartupEvent' defined in file [C:\Users\Iyer\Documents\learning-spring\target\classes\org\BuzzToOffice\learningspring\utils\AppStartupEvent.class]: Unsatisfied dependency expressed through constructor parameter 0: Error creating bean with name 'roomRepository' defined in org.BuzzToOffice.learningspring.data.RoomRepository defined in @EnableJpaRepositories declared on JpaRepositoriesRegistrar.EnableJpaRepositoriesConfiguration: Not a managed type: class org.BuzzToOffice.learningspring.data.Room
Caused by: org.springframework.beans.factory.BeanCreationException: Error creating bean with name 'roomRepository' defined in org.BuzzToOffice.learningspring.data.RoomRepository defined in @EnableJpaRepositories declared on JpaRepositoriesRegistrar.EnableJpaRepositoriesConfiguration: Not a managed type: class org.BuzzToOffice.learningspring.data.Room
Caused by: java.lang.IllegalArgumentException: Not a managed type: class org.BuzzToOffice.learningspring.data.Room

